c:\games\aigame\ainav\x64\release\ainav.lib
c:\games\aigame\ainav\x64\release\ainav.exp
c:\games\aigame\ainav\x64\release\ainav.ipdb
c:\games\aigame\ainav\x64\release\ainav.iobj
c:\games\aigame\ainav\x64\release\ainav.pch
c:\games\aigame\ainav\x64\release\vc142.pdb
c:\games\aigame\ainav\x64\release\pch.obj
c:\games\aigame\ainav\x64\release\recast.obj
c:\games\aigame\ainav\x64\release\navigationmesh.obj
c:\games\aigame\ainav\x64\release\navigationbuilder.obj
c:\games\aigame\ainav\x64\release\dllmain.obj
c:\games\aigame\ainav\x64\release\detournode.obj
c:\games\aigame\ainav\x64\release\detournavmeshquery.obj
c:\games\aigame\ainav\x64\release\detournavmeshbuilder.obj
c:\games\aigame\ainav\x64\release\detournavmesh.obj
c:\games\aigame\ainav\x64\release\detourcommon.obj
c:\games\aigame\ainav\x64\release\detourassert.obj
c:\games\aigame\ainav\x64\release\detouralloc.obj
c:\games\aigame\ainav\x64\release\detourproximitygrid.obj
c:\games\aigame\ainav\x64\release\detourpathqueue.obj
c:\games\aigame\ainav\x64\release\detourpathcorridor.obj
c:\games\aigame\ainav\x64\release\detourobstacleavoidance.obj
c:\games\aigame\ainav\x64\release\detourlocalboundary.obj
c:\games\aigame\ainav\x64\release\detourcrowd.obj
c:\games\aigame\ainav\x64\release\aiquery.obj
c:\games\aigame\ainav\x64\release\ainav.obj
c:\games\aigame\ainav\x64\release\aicrowd.obj
c:\games\aigame\ainav\x64\release\recastregion.obj
c:\games\aigame\ainav\x64\release\recastrasterization.obj
c:\games\aigame\ainav\x64\release\recastmeshdetail.obj
c:\games\aigame\ainav\x64\release\recastmesh.obj
c:\games\aigame\ainav\x64\release\recastlayers.obj
c:\games\aigame\ainav\x64\release\recastfilter.obj
c:\games\aigame\ainav\x64\release\recastcontour.obj
c:\games\aigame\ainav\x64\release\recastassert.obj
c:\games\aigame\ainav\x64\release\recastarea.obj
c:\games\aigame\ainav\x64\release\recastalloc.obj
c:\games\aigame\ainav\x64\release\ainav.dll
c:\games\aigame\ainav\x64\release\ainav.pdb
c:\games\aigame\ainav\x64\release\ainav.tlog\ainav.write.1u.tlog
c:\games\aigame\ainav\x64\release\ainav.tlog\cl.command.1.tlog
c:\games\aigame\ainav\x64\release\ainav.tlog\cl.read.1.tlog
c:\games\aigame\ainav\x64\release\ainav.tlog\cl.write.1.tlog
c:\games\aigame\ainav\x64\release\ainav.tlog\link.command.1.tlog
c:\games\aigame\ainav\x64\release\ainav.tlog\link.read.1.tlog
c:\games\aigame\ainav\x64\release\ainav.tlog\link.write.1.tlog
